<?xml version="1.0" encoding="UTF-8"?>
<!-- Generated by org.testng.reporters.JUnitXMLReporter -->
<testsuite ignored="1" hostname="EPINPUNW039D" failures="0" tests="1" name="Regression1" time="0.059" errors="0" timestamp="2022-02-22T22:27:31 IST">
  <testcase classname="epam.com.SelfPractice.ListenersClassPractice" name="emailId" time="0.014"/>
  <testcase classname="epam.com.SelfPractice.ListenersClassPractice" name="companyId" time="0.0">
    <ignored/>
  </testcase> <!-- companyId -->
</testsuite> <!-- Regression1 -->
