<?xml version="1.0" encoding="UTF-8"?>
<testng-results ignored="0" total="6" passed="6" failed="0" skipped="0">
  <reporter-output>
  </reporter-output>
  <suite started-at="2022-03-11T10:32:29 IST" name="Testing" finished-at="2022-03-11T10:34:02 IST" duration-ms="92797">
    <groups>
    </groups>
    <test started-at="2022-03-11T10:32:29 IST" name="SeleniumAutomation" finished-at="2022-03-11T10:34:02 IST" duration-ms="92797">
      <class name="UiUsingSelenium.TestLoginPage">
        <test-method is-config="true" signature="setup(org.testng.ITestContext)[pri:0, instance:UiUsingSelenium.TestLoginPage@9597028]" started-at="2022-03-11T10:32:29 IST" name="setup" finished-at="2022-03-11T10:32:41 IST" duration-ms="11899" status="PASS">
          <params>
            <param index="0">
              <value>
                <![CDATA[org.testng.TestRunner@5d1e0fbb]]>
              </value>
            </param>
          </params>
          <reporter-output>
          </reporter-output>
        </test-method> <!-- setup -->
        <test-method signature="testOrangeHrmPage()[pri:1, instance:UiUsingSelenium.TestLoginPage@9597028]" started-at="2022-03-11T10:32:41 IST" name="testOrangeHrmPage" finished-at="2022-03-11T10:32:51 IST" duration-ms="9482" status="PASS">
          <reporter-output>
          </reporter-output>
        </test-method> <!-- testOrangeHrmPage -->
        <test-method signature="navigatingToAttendanceMenu()[pri:2, instance:UiUsingSelenium.TestLoginPage@9597028]" started-at="2022-03-11T10:32:51 IST" name="navigatingToAttendanceMenu" finished-at="2022-03-11T10:32:52 IST" duration-ms="1062" status="PASS">
          <reporter-output>
          </reporter-output>
        </test-method> <!-- navigatingToAttendanceMenu -->
        <test-method signature="testingWithTimeAndDateInPunchInPage()[pri:3, instance:UiUsingSelenium.TestLoginPage@9597028]" started-at="2022-03-11T10:32:52 IST" name="testingWithTimeAndDateInPunchInPage" finished-at="2022-03-11T10:33:16 IST" duration-ms="23862" status="PASS">
          <reporter-output>
          </reporter-output>
        </test-method> <!-- testingWithTimeAndDateInPunchInPage -->
        <test-method signature="testingPunchOutWithGivingInvalidTime()[pri:4, instance:UiUsingSelenium.TestLoginPage@9597028]" started-at="2022-03-11T10:33:16 IST" name="testingPunchOutWithGivingInvalidTime" finished-at="2022-03-11T10:33:32 IST" duration-ms="16186" status="PASS">
          <reporter-output>
          </reporter-output>
        </test-method> <!-- testingPunchOutWithGivingInvalidTime -->
        <test-method signature="testingTotalTimeHoursOnAttendanceSheet()[pri:5, instance:UiUsingSelenium.TestLoginPage@9597028]" started-at="2022-03-11T10:33:32 IST" name="testingTotalTimeHoursOnAttendanceSheet" finished-at="2022-03-11T10:33:45 IST" duration-ms="13457" status="PASS">
          <reporter-output>
          </reporter-output>
        </test-method> <!-- testingTotalTimeHoursOnAttendanceSheet -->
        <test-method signature="testingDeletingMsgOnAttendanceSheet()[pri:6, instance:UiUsingSelenium.TestLoginPage@9597028]" started-at="2022-03-11T10:33:45 IST" name="testingDeletingMsgOnAttendanceSheet" finished-at="2022-03-11T10:34:01 IST" duration-ms="15794" status="PASS">
          <reporter-output>
          </reporter-output>
        </test-method> <!-- testingDeletingMsgOnAttendanceSheet -->
        <test-method is-config="true" signature="after()[pri:0, instance:UiUsingSelenium.TestLoginPage@9597028]" started-at="2022-03-11T10:34:01 IST" name="after" finished-at="2022-03-11T10:34:02 IST" duration-ms="879" status="PASS">
          <reporter-output>
          </reporter-output>
        </test-method> <!-- after -->
      </class> <!-- UiUsingSelenium.TestLoginPage -->
    </test> <!-- SeleniumAutomation -->
  </suite> <!-- Testing -->
</testng-results>
