<?xml version="1.0" encoding="UTF-8"?>
<testng-results ignored="1" total="2" passed="1" failed="0" skipped="0">
  <reporter-output>
  </reporter-output>
  <suite started-at="2022-02-16T08:53:41 IST" name="Default suite" finished-at="2022-02-16T08:53:44 IST" duration-ms="3520">
    <groups>
    </groups>
    <test started-at="2022-02-16T08:53:41 IST" name="Default test" finished-at="2022-02-16T08:53:44 IST" duration-ms="3520">
      <class name="epam.com.ObjectAssignment.UsingSerializationandDeserialization">
        <test-method signature="main()[pri:0, instance:epam.com.ObjectAssignment.UsingSerializationandDeserialization@7bf3a5d8]" started-at="2022-02-16T08:53:41 IST" name="main" finished-at="2022-02-16T08:53:44 IST" duration-ms="3471" status="PASS">
          <reporter-output>
          </reporter-output>
        </test-method> <!-- main -->
      </class> <!-- epam.com.ObjectAssignment.UsingSerializationandDeserialization -->
    </test> <!-- Default test -->
  </suite> <!-- Default suite -->
</testng-results>
