<?xml version="1.0" encoding="UTF-8"?>
<!-- Generated by org.testng.reporters.JUnitXMLReporter -->
<testsuite ignored="0" hostname="EPINPUNW039D" failures="0" tests="3" name="Default test" time="0.112" errors="0" timestamp="2022-02-09T10:00:19 IST">
  <testcase classname="epam.com.Testing.AppTest" name="shouldAnswerWithTrue" time="0.016"/>
  <testcase classname="epam.com.Testing.AppTest" name="testApp1" time="0.005"/>
  <testcase classname="epam.com.Testing.AppTest" name="testApp2" time="0.002"/>
</testsuite> <!-- Default test -->
