<?xml version="1.0" encoding="UTF-8"?>
<testng-results ignored="0" total="1" passed="1" failed="0" skipped="0">
  <reporter-output>
  </reporter-output>
  <suite started-at="2022-02-23T09:51:17 IST" name="Default suite" finished-at="2022-02-23T09:51:30 IST" duration-ms="13888">
    <groups>
    </groups>
    <test started-at="2022-02-23T09:51:17 IST" name="Default test" finished-at="2022-02-23T09:51:30 IST" duration-ms="13888">
      <class name="epam.com.SeleniumTool.SeleniumGrid.TestLoginPageHRM$TestOrangeHRMLoginPage">
        <test-method is-config="true" signature="setup()[pri:0, instance:epam.com.SeleniumTool.SeleniumGrid.TestLoginPageHRM$TestOrangeHRMLoginPage@2d52216b]" started-at="2022-02-23T09:51:17 IST" name="setup" finished-at="2022-02-23T09:51:25 IST" duration-ms="8332" status="PASS">
          <reporter-output>
          </reporter-output>
        </test-method> <!-- setup -->
        <test-method signature="creatingdriver()[pri:0, instance:epam.com.SeleniumTool.SeleniumGrid.TestLoginPageHRM$TestOrangeHRMLoginPage@2d52216b]" started-at="2022-02-23T09:51:25 IST" name="creatingdriver" finished-at="2022-02-23T09:51:30 IST" duration-ms="5067" status="PASS">
          <reporter-output>
          </reporter-output>
        </test-method> <!-- creatingdriver -->
        <test-method is-config="true" signature="close()[pri:0, instance:epam.com.SeleniumTool.SeleniumGrid.TestLoginPageHRM$TestOrangeHRMLoginPage@2d52216b]" started-at="2022-02-23T09:51:30 IST" name="close" finished-at="2022-02-23T09:51:30 IST" duration-ms="389" status="PASS">
          <reporter-output>
          </reporter-output>
        </test-method> <!-- close -->
      </class> <!-- epam.com.SeleniumTool.SeleniumGrid.TestLoginPageHRM$TestOrangeHRMLoginPage -->
    </test> <!-- Default test -->
  </suite> <!-- Default suite -->
</testng-results>
