<?xml version="1.0" encoding="UTF-8"?>
<!-- Generated by org.testng.reporters.JUnitXMLReporter -->
<testsuite ignored="0" hostname="EPINPUNW039D" failures="0" tests="2" name="ReportChecking" time="9.533" errors="0" timestamp="2022-02-22T19:11:33 IST">
  <testcase classname="epam.com.SeleniumTool.LoginPageListnerImpl.TestLoginForListeners" name="testLogin1" time="0.006"/>
  <testcase classname="epam.com.SeleniumTool.LoginPageListnerImpl.TestLoginForListeners" name="testfailure" time="8.022"/>
</testsuite> <!-- ReportChecking -->
