<?xml version="1.0" encoding="UTF-8"?>
<testng-results ignored="1" total="2" passed="0" failed="1" skipped="0">
  <reporter-output>
  </reporter-output>
  <suite started-at="2022-02-28T08:06:48 IST" name="Default suite" finished-at="2022-02-28T08:06:49 IST" duration-ms="796">
    <groups>
    </groups>
    <test started-at="2022-02-28T08:06:48 IST" name="Default test" finished-at="2022-02-28T08:06:49 IST" duration-ms="796">
      <class name="epam.com.DatabaseTest.FunctionTesting">
        <test-method is-config="true" signature="setup()[pri:0, instance:epam.com.DatabaseTest.FunctionTesting@771a660]" started-at="2022-02-28T08:06:48 IST" name="setup" finished-at="2022-02-28T08:06:49 IST" duration-ms="658" status="PASS">
          <reporter-output>
          </reporter-output>
        </test-method> <!-- setup -->
        <test-method signature="test_()[pri:0, instance:epam.com.DatabaseTest.FunctionTesting@771a660]" started-at="2022-02-28T08:06:49 IST" name="test_" finished-at="2022-02-28T08:06:49 IST" duration-ms="85" status="FAIL">
          <exception class="java.sql.SQLSyntaxErrorException">
            <message>
              <![CDATA[Unknown column 'credit' in 'field list']]>
            </message>
            <full-stacktrace>
              <![CDATA[java.sql.SQLSyntaxErrorException: Unknown column 'credit' in 'field list'
at com.mysql.cj.jdbc.exceptions.SQLError.createSQLException(SQLError.java:120)
at com.mysql.cj.jdbc.exceptions.SQLExceptionsMapping.translateException(SQLExceptionsMapping.java:122)
at com.mysql.cj.jdbc.StatementImpl.executeQuery(StatementImpl.java:1201)
at epam.com.DatabaseTest.FunctionTesting.test_(FunctionTesting.java:41)
at java.base/jdk.internal.reflect.NativeMethodAccessorImpl.invoke0(Native Method)
at java.base/jdk.internal.reflect.NativeMethodAccessorImpl.invoke(NativeMethodAccessorImpl.java:77)
at java.base/jdk.internal.reflect.DelegatingMethodAccessorImpl.invoke(DelegatingMethodAccessorImpl.java:43)
at java.base/java.lang.reflect.Method.invoke(Method.java:568)
at org.testng.internal.invokers.MethodInvocationHelper.invokeMethod(MethodInvocationHelper.java:135)
at org.testng.internal.invokers.TestInvoker.invokeMethod(TestInvoker.java:673)
at org.testng.internal.invokers.TestInvoker.invokeTestMethod(TestInvoker.java:220)
at org.testng.internal.invokers.MethodRunner.runInSequence(MethodRunner.java:50)
at org.testng.internal.invokers.TestInvoker$MethodInvocationAgent.invoke(TestInvoker.java:945)
at org.testng.internal.invokers.TestInvoker.invokeTestMethods(TestInvoker.java:193)
at org.testng.internal.invokers.TestMethodWorker.invokeTestMethods(TestMethodWorker.java:146)
at org.testng.internal.invokers.TestMethodWorker.run(TestMethodWorker.java:128)
at java.base/java.util.ArrayList.forEach(ArrayList.java:1511)
at org.testng.TestRunner.privateRun(TestRunner.java:808)
at org.testng.TestRunner.run(TestRunner.java:603)
at org.testng.SuiteRunner.runTest(SuiteRunner.java:429)
at org.testng.SuiteRunner.runSequentially(SuiteRunner.java:423)
at org.testng.SuiteRunner.privateRun(SuiteRunner.java:383)
at org.testng.SuiteRunner.run(SuiteRunner.java:326)
at org.testng.SuiteRunnerWorker.runSuite(SuiteRunnerWorker.java:52)
at org.testng.SuiteRunnerWorker.run(SuiteRunnerWorker.java:95)
at org.testng.TestNG.runSuitesSequentially(TestNG.java:1249)
at org.testng.TestNG.runSuitesLocally(TestNG.java:1169)
at org.testng.TestNG.runSuites(TestNG.java:1092)
at org.testng.TestNG.run(TestNG.java:1060)
at org.testng.remote.AbstractRemoteTestNG.run(AbstractRemoteTestNG.java:115)
at org.testng.remote.RemoteTestNG.initAndRun(RemoteTestNG.java:251)
at org.testng.remote.RemoteTestNG.main(RemoteTestNG.java:77)
]]>
            </full-stacktrace>
          </exception> <!-- java.sql.SQLSyntaxErrorException -->
          <reporter-output>
          </reporter-output>
        </test-method> <!-- test_ -->
        <test-method is-config="true" signature="tearDown()[pri:0, instance:epam.com.DatabaseTest.FunctionTesting@771a660]" started-at="2022-02-28T08:06:49 IST" name="tearDown" finished-at="2022-02-28T08:06:49 IST" duration-ms="6" status="PASS">
          <reporter-output>
          </reporter-output>
        </test-method> <!-- tearDown -->
      </class> <!-- epam.com.DatabaseTest.FunctionTesting -->
    </test> <!-- Default test -->
  </suite> <!-- Default suite -->
</testng-results>
