<?xml version="1.0" encoding="UTF-8"?>
<!-- Generated by org.testng.reporters.JUnitXMLReporter -->
<testsuite ignored="0" hostname="EPINPUNW039D" failures="0" tests="2" name="reporter test" time="19.996" errors="0" timestamp="2022-02-22T18:33:54 IST">
  <testcase classname="epam.com.SeleniumTool.LoginPageListnerImpl.TestLoginForListeners" name="testLogin1" time="0.022"/>
  <testcase classname="epam.com.SeleniumTool.LoginPageListnerImpl.TestLoginForListeners" name="testfailure" time="17.098"/>
</testsuite> <!-- reporter test -->
