<?xml version="1.0" encoding="UTF-8"?>
<testng-results ignored="1" total="2" passed="1" failed="0" skipped="0">
  <reporter-output>
  </reporter-output>
  <suite started-at="2022-02-23T18:20:07 IST" name="Default suite" finished-at="2022-02-23T18:20:31 IST" duration-ms="24736">
    <groups>
    </groups>
    <test started-at="2022-02-23T18:20:07 IST" name="Default test" finished-at="2022-02-23T18:20:31 IST" duration-ms="24736">
      <class name="epam.com.SeleniumTestCases.TestWebDriver">
        <test-method signature="LoadWebDriver()[pri:0, instance:epam.com.SeleniumTestCases.TestWebDriver@6283d8b8]" started-at="2022-02-23T18:20:07 IST" name="LoadWebDriver" finished-at="2022-02-23T18:20:31 IST" duration-ms="24670" status="PASS">
          <reporter-output>
          </reporter-output>
        </test-method> <!-- LoadWebDriver -->
      </class> <!-- epam.com.SeleniumTestCases.TestWebDriver -->
    </test> <!-- Default test -->
  </suite> <!-- Default suite -->
</testng-results>
