<?xml version="1.0" encoding="UTF-8"?>
<!-- Generated by org.testng.reporters.JUnitXMLReporter -->
<testsuite ignored="1" hostname="EPINPUNW039D" failures="0" tests="1" name="Default test" time="24.736" errors="0" timestamp="2022-02-23T18:20:31 IST">
  <testcase classname="epam.com.SeleniumTestCases.TestWebDriver" name="LoadWebDriver" time="24.67"/>
  <testcase classname="epam.com.SeleniumTestCases.TestWebDriver" name="LoadWebChromeDriver" time="0.0">
    <ignored/>
  </testcase> <!-- LoadWebChromeDriver -->
</testsuite> <!-- Default test -->
