<?xml version="1.0" encoding="UTF-8"?>
<testng-results ignored="0" total="33" passed="33" failed="0" skipped="0">
  <reporter-output>
  </reporter-output>
  <suite started-at="2022-03-02T23:27:10 IST" name="Default suite" finished-at="2022-03-02T23:27:20 IST" duration-ms="10068">
    <groups>
      <group name="cucumber">
        <method signature="AbstractTestNGCucumberTests.runScenario(io.cucumber.testng.PickleWrapper,io.cucumber.testng.FeatureWrapper)[pri:0, instance:epam.com.CucumberBdd.feature.CalculatorImpl@41a0aa7d]" name="runScenario" class="io.cucumber.testng.AbstractTestNGCucumberTests"/>
      </group> <!-- cucumber -->
    </groups>
    <test started-at="2022-03-02T23:27:10 IST" name="Default test" finished-at="2022-03-02T23:27:20 IST" duration-ms="10068">
      <class name="epam.com.CucumberBdd.feature.CalculatorImpl">
        <test-method is-config="true" signature="setUpClass(org.testng.ITestContext)[pri:0, instance:epam.com.CucumberBdd.feature.CalculatorImpl@41a0aa7d]" started-at="2022-03-02T23:27:10 IST" name="setUpClass" finished-at="2022-03-02T23:27:15 IST" duration-ms="4757" status="PASS">
          <params>
            <param index="0">
              <value>
                <![CDATA[org.testng.TestRunner@4b8137c5]]>
              </value>
            </param>
          </params>
          <reporter-output>
          </reporter-output>
        </test-method> <!-- setUpClass -->
        <test-method signature="runScenario(io.cucumber.testng.PickleWrapper,io.cucumber.testng.FeatureWrapper)[pri:0, instance:epam.com.CucumberBdd.feature.CalculatorImpl@41a0aa7d]" started-at="2022-03-02T23:27:15 IST" name="runScenario" description="Runs Cucumber Scenarios" data-provider="scenarios" finished-at="2022-03-02T23:27:15 IST" duration-ms="357" status="PASS">
          <params>
            <param index="0">
              <value>
                <![CDATA["Calculator UI Test number button"]]>
              </value>
            </param>
            <param index="1">
              <value>
                <![CDATA["Optional[Calcaulator application]"]]>
              </value>
            </param>
          </params>
          <reporter-output>
          </reporter-output>
        </test-method> <!-- runScenario -->
        <test-method signature="runScenario(io.cucumber.testng.PickleWrapper,io.cucumber.testng.FeatureWrapper)[pri:0, instance:epam.com.CucumberBdd.feature.CalculatorImpl@41a0aa7d]" started-at="2022-03-02T23:27:15 IST" name="runScenario" description="Runs Cucumber Scenarios" data-provider="scenarios" finished-at="2022-03-02T23:27:15 IST" duration-ms="72" status="PASS">
          <params>
            <param index="0">
              <value>
                <![CDATA["Calculator UI Test number button"]]>
              </value>
            </param>
            <param index="1">
              <value>
                <![CDATA["Optional[Calcaulator application]"]]>
              </value>
            </param>
          </params>
          <reporter-output>
          </reporter-output>
        </test-method> <!-- runScenario -->
        <test-method signature="runScenario(io.cucumber.testng.PickleWrapper,io.cucumber.testng.FeatureWrapper)[pri:0, instance:epam.com.CucumberBdd.feature.CalculatorImpl@41a0aa7d]" started-at="2022-03-02T23:27:15 IST" name="runScenario" description="Runs Cucumber Scenarios" data-provider="scenarios" finished-at="2022-03-02T23:27:15 IST" duration-ms="69" status="PASS">
          <params>
            <param index="0">
              <value>
                <![CDATA["Calculator UI Test number button"]]>
              </value>
            </param>
            <param index="1">
              <value>
                <![CDATA["Optional[Calcaulator application]"]]>
              </value>
            </param>
          </params>
          <reporter-output>
          </reporter-output>
        </test-method> <!-- runScenario -->
        <test-method signature="runScenario(io.cucumber.testng.PickleWrapper,io.cucumber.testng.FeatureWrapper)[pri:0, instance:epam.com.CucumberBdd.feature.CalculatorImpl@41a0aa7d]" started-at="2022-03-02T23:27:15 IST" name="runScenario" description="Runs Cucumber Scenarios" data-provider="scenarios" finished-at="2022-03-02T23:27:15 IST" duration-ms="56" status="PASS">
          <params>
            <param index="0">
              <value>
                <![CDATA["Calculator UI Test number button"]]>
              </value>
            </param>
            <param index="1">
              <value>
                <![CDATA["Optional[Calcaulator application]"]]>
              </value>
            </param>
          </params>
          <reporter-output>
          </reporter-output>
        </test-method> <!-- runScenario -->
        <test-method signature="runScenario(io.cucumber.testng.PickleWrapper,io.cucumber.testng.FeatureWrapper)[pri:0, instance:epam.com.CucumberBdd.feature.CalculatorImpl@41a0aa7d]" started-at="2022-03-02T23:27:15 IST" name="runScenario" description="Runs Cucumber Scenarios" data-provider="scenarios" finished-at="2022-03-02T23:27:15 IST" duration-ms="63" status="PASS">
          <params>
            <param index="0">
              <value>
                <![CDATA["Calculator UI Test number button"]]>
              </value>
            </param>
            <param index="1">
              <value>
                <![CDATA["Optional[Calcaulator application]"]]>
              </value>
            </param>
          </params>
          <reporter-output>
          </reporter-output>
        </test-method> <!-- runScenario -->
        <test-method signature="runScenario(io.cucumber.testng.PickleWrapper,io.cucumber.testng.FeatureWrapper)[pri:0, instance:epam.com.CucumberBdd.feature.CalculatorImpl@41a0aa7d]" started-at="2022-03-02T23:27:15 IST" name="runScenario" description="Runs Cucumber Scenarios" data-provider="scenarios" finished-at="2022-03-02T23:27:16 IST" duration-ms="73" status="PASS">
          <params>
            <param index="0">
              <value>
                <![CDATA["Calculator UI Test number button"]]>
              </value>
            </param>
            <param index="1">
              <value>
                <![CDATA["Optional[Calcaulator application]"]]>
              </value>
            </param>
          </params>
          <reporter-output>
          </reporter-output>
        </test-method> <!-- runScenario -->
        <test-method signature="runScenario(io.cucumber.testng.PickleWrapper,io.cucumber.testng.FeatureWrapper)[pri:0, instance:epam.com.CucumberBdd.feature.CalculatorImpl@41a0aa7d]" started-at="2022-03-02T23:27:16 IST" name="runScenario" description="Runs Cucumber Scenarios" data-provider="scenarios" finished-at="2022-03-02T23:27:16 IST" duration-ms="58" status="PASS">
          <params>
            <param index="0">
              <value>
                <![CDATA["Calculator UI Test number button"]]>
              </value>
            </param>
            <param index="1">
              <value>
                <![CDATA["Optional[Calcaulator application]"]]>
              </value>
            </param>
          </params>
          <reporter-output>
          </reporter-output>
        </test-method> <!-- runScenario -->
        <test-method signature="runScenario(io.cucumber.testng.PickleWrapper,io.cucumber.testng.FeatureWrapper)[pri:0, instance:epam.com.CucumberBdd.feature.CalculatorImpl@41a0aa7d]" started-at="2022-03-02T23:27:16 IST" name="runScenario" description="Runs Cucumber Scenarios" data-provider="scenarios" finished-at="2022-03-02T23:27:16 IST" duration-ms="110" status="PASS">
          <params>
            <param index="0">
              <value>
                <![CDATA["Calculator UI Test number button"]]>
              </value>
            </param>
            <param index="1">
              <value>
                <![CDATA["Optional[Calcaulator application]"]]>
              </value>
            </param>
          </params>
          <reporter-output>
          </reporter-output>
        </test-method> <!-- runScenario -->
        <test-method signature="runScenario(io.cucumber.testng.PickleWrapper,io.cucumber.testng.FeatureWrapper)[pri:0, instance:epam.com.CucumberBdd.feature.CalculatorImpl@41a0aa7d]" started-at="2022-03-02T23:27:16 IST" name="runScenario" description="Runs Cucumber Scenarios" data-provider="scenarios" finished-at="2022-03-02T23:27:16 IST" duration-ms="86" status="PASS">
          <params>
            <param index="0">
              <value>
                <![CDATA["Calculator UI Test number button"]]>
              </value>
            </param>
            <param index="1">
              <value>
                <![CDATA["Optional[Calcaulator application]"]]>
              </value>
            </param>
          </params>
          <reporter-output>
          </reporter-output>
        </test-method> <!-- runScenario -->
        <test-method signature="runScenario(io.cucumber.testng.PickleWrapper,io.cucumber.testng.FeatureWrapper)[pri:0, instance:epam.com.CucumberBdd.feature.CalculatorImpl@41a0aa7d]" started-at="2022-03-02T23:27:16 IST" name="runScenario" description="Runs Cucumber Scenarios" data-provider="scenarios" finished-at="2022-03-02T23:27:16 IST" duration-ms="80" status="PASS">
          <params>
            <param index="0">
              <value>
                <![CDATA["Calculator UI Test number button"]]>
              </value>
            </param>
            <param index="1">
              <value>
                <![CDATA["Optional[Calcaulator application]"]]>
              </value>
            </param>
          </params>
          <reporter-output>
          </reporter-output>
        </test-method> <!-- runScenario -->
        <test-method signature="runScenario(io.cucumber.testng.PickleWrapper,io.cucumber.testng.FeatureWrapper)[pri:0, instance:epam.com.CucumberBdd.feature.CalculatorImpl@41a0aa7d]" started-at="2022-03-02T23:27:16 IST" name="runScenario" description="Runs Cucumber Scenarios" data-provider="scenarios" finished-at="2022-03-02T23:27:16 IST" duration-ms="76" status="PASS">
          <params>
            <param index="0">
              <value>
                <![CDATA["Calculator UI Test opearotors"]]>
              </value>
            </param>
            <param index="1">
              <value>
                <![CDATA["Optional[Calcaulator application]"]]>
              </value>
            </param>
          </params>
          <reporter-output>
          </reporter-output>
        </test-method> <!-- runScenario -->
        <test-method signature="runScenario(io.cucumber.testng.PickleWrapper,io.cucumber.testng.FeatureWrapper)[pri:0, instance:epam.com.CucumberBdd.feature.CalculatorImpl@41a0aa7d]" started-at="2022-03-02T23:27:16 IST" name="runScenario" description="Runs Cucumber Scenarios" data-provider="scenarios" finished-at="2022-03-02T23:27:16 IST" duration-ms="67" status="PASS">
          <params>
            <param index="0">
              <value>
                <![CDATA["Calculator UI Test opearotors"]]>
              </value>
            </param>
            <param index="1">
              <value>
                <![CDATA["Optional[Calcaulator application]"]]>
              </value>
            </param>
          </params>
          <reporter-output>
          </reporter-output>
        </test-method> <!-- runScenario -->
        <test-method signature="runScenario(io.cucumber.testng.PickleWrapper,io.cucumber.testng.FeatureWrapper)[pri:0, instance:epam.com.CucumberBdd.feature.CalculatorImpl@41a0aa7d]" started-at="2022-03-02T23:27:16 IST" name="runScenario" description="Runs Cucumber Scenarios" data-provider="scenarios" finished-at="2022-03-02T23:27:16 IST" duration-ms="79" status="PASS">
          <params>
            <param index="0">
              <value>
                <![CDATA["Calculator UI Test opearotors"]]>
              </value>
            </param>
            <param index="1">
              <value>
                <![CDATA["Optional[Calcaulator application]"]]>
              </value>
            </param>
          </params>
          <reporter-output>
          </reporter-output>
        </test-method> <!-- runScenario -->
        <test-method signature="runScenario(io.cucumber.testng.PickleWrapper,io.cucumber.testng.FeatureWrapper)[pri:0, instance:epam.com.CucumberBdd.feature.CalculatorImpl@41a0aa7d]" started-at="2022-03-02T23:27:16 IST" name="runScenario" description="Runs Cucumber Scenarios" data-provider="scenarios" finished-at="2022-03-02T23:27:16 IST" duration-ms="73" status="PASS">
          <params>
            <param index="0">
              <value>
                <![CDATA["Calculator UI Test opearotors"]]>
              </value>
            </param>
            <param index="1">
              <value>
                <![CDATA["Optional[Calcaulator application]"]]>
              </value>
            </param>
          </params>
          <reporter-output>
          </reporter-output>
        </test-method> <!-- runScenario -->
        <test-method signature="runScenario(io.cucumber.testng.PickleWrapper,io.cucumber.testng.FeatureWrapper)[pri:0, instance:epam.com.CucumberBdd.feature.CalculatorImpl@41a0aa7d]" started-at="2022-03-02T23:27:16 IST" name="runScenario" description="Runs Cucumber Scenarios" data-provider="scenarios" finished-at="2022-03-02T23:27:16 IST" duration-ms="80" status="PASS">
          <params>
            <param index="0">
              <value>
                <![CDATA["Calculator UI Test opearotors"]]>
              </value>
            </param>
            <param index="1">
              <value>
                <![CDATA["Optional[Calcaulator application]"]]>
              </value>
            </param>
          </params>
          <reporter-output>
          </reporter-output>
        </test-method> <!-- runScenario -->
        <test-method signature="runScenario(io.cucumber.testng.PickleWrapper,io.cucumber.testng.FeatureWrapper)[pri:0, instance:epam.com.CucumberBdd.feature.CalculatorImpl@41a0aa7d]" started-at="2022-03-02T23:27:16 IST" name="runScenario" description="Runs Cucumber Scenarios" data-provider="scenarios" finished-at="2022-03-02T23:27:17 IST" duration-ms="216" status="PASS">
          <params>
            <param index="0">
              <value>
                <![CDATA["Calculator UI Test Display screen"]]>
              </value>
            </param>
            <param index="1">
              <value>
                <![CDATA["Optional[Calcaulator application]"]]>
              </value>
            </param>
          </params>
          <reporter-output>
          </reporter-output>
        </test-method> <!-- runScenario -->
        <test-method signature="runScenario(io.cucumber.testng.PickleWrapper,io.cucumber.testng.FeatureWrapper)[pri:0, instance:epam.com.CucumberBdd.feature.CalculatorImpl@41a0aa7d]" started-at="2022-03-02T23:27:17 IST" name="runScenario" description="Runs Cucumber Scenarios" data-provider="scenarios" finished-at="2022-03-02T23:27:17 IST" duration-ms="169" status="PASS">
          <params>
            <param index="0">
              <value>
                <![CDATA["Calculator UI Test Button color"]]>
              </value>
            </param>
            <param index="1">
              <value>
                <![CDATA["Optional[Calcaulator application]"]]>
              </value>
            </param>
          </params>
          <reporter-output>
          </reporter-output>
        </test-method> <!-- runScenario -->
        <test-method signature="runScenario(io.cucumber.testng.PickleWrapper,io.cucumber.testng.FeatureWrapper)[pri:0, instance:epam.com.CucumberBdd.feature.CalculatorImpl@41a0aa7d]" started-at="2022-03-02T23:27:17 IST" name="runScenario" description="Runs Cucumber Scenarios" data-provider="scenarios" finished-at="2022-03-02T23:27:17 IST" duration-ms="95" status="PASS">
          <params>
            <param index="0">
              <value>
                <![CDATA["Calculator UI Test Button color"]]>
              </value>
            </param>
            <param index="1">
              <value>
                <![CDATA["Optional[Calcaulator application]"]]>
              </value>
            </param>
          </params>
          <reporter-output>
          </reporter-output>
        </test-method> <!-- runScenario -->
        <test-method signature="runScenario(io.cucumber.testng.PickleWrapper,io.cucumber.testng.FeatureWrapper)[pri:0, instance:epam.com.CucumberBdd.feature.CalculatorImpl@41a0aa7d]" started-at="2022-03-02T23:27:17 IST" name="runScenario" description="Runs Cucumber Scenarios" data-provider="scenarios" finished-at="2022-03-02T23:27:17 IST" duration-ms="100" status="PASS">
          <params>
            <param index="0">
              <value>
                <![CDATA["Calculator UI Test Button color"]]>
              </value>
            </param>
            <param index="1">
              <value>
                <![CDATA["Optional[Calcaulator application]"]]>
              </value>
            </param>
          </params>
          <reporter-output>
          </reporter-output>
        </test-method> <!-- runScenario -->
        <test-method signature="runScenario(io.cucumber.testng.PickleWrapper,io.cucumber.testng.FeatureWrapper)[pri:0, instance:epam.com.CucumberBdd.feature.CalculatorImpl@41a0aa7d]" started-at="2022-03-02T23:27:17 IST" name="runScenario" description="Runs Cucumber Scenarios" data-provider="scenarios" finished-at="2022-03-02T23:27:17 IST" duration-ms="99" status="PASS">
          <params>
            <param index="0">
              <value>
                <![CDATA["Calculator UI Test Button color"]]>
              </value>
            </param>
            <param index="1">
              <value>
                <![CDATA["Optional[Calcaulator application]"]]>
              </value>
            </param>
          </params>
          <reporter-output>
          </reporter-output>
        </test-method> <!-- runScenario -->
        <test-method signature="runScenario(io.cucumber.testng.PickleWrapper,io.cucumber.testng.FeatureWrapper)[pri:0, instance:epam.com.CucumberBdd.feature.CalculatorImpl@41a0aa7d]" started-at="2022-03-02T23:27:17 IST" name="runScenario" description="Runs Cucumber Scenarios" data-provider="scenarios" finished-at="2022-03-02T23:27:17 IST" duration-ms="116" status="PASS">
          <params>
            <param index="0">
              <value>
                <![CDATA["Calculator UI Test Button color"]]>
              </value>
            </param>
            <param index="1">
              <value>
                <![CDATA["Optional[Calcaulator application]"]]>
              </value>
            </param>
          </params>
          <reporter-output>
          </reporter-output>
        </test-method> <!-- runScenario -->
        <test-method signature="runScenario(io.cucumber.testng.PickleWrapper,io.cucumber.testng.FeatureWrapper)[pri:0, instance:epam.com.CucumberBdd.feature.CalculatorImpl@41a0aa7d]" started-at="2022-03-02T23:27:17 IST" name="runScenario" description="Runs Cucumber Scenarios" data-provider="scenarios" finished-at="2022-03-02T23:27:17 IST" duration-ms="182" status="PASS">
          <params>
            <param index="0">
              <value>
                <![CDATA["Calculator number should come on display screen"]]>
              </value>
            </param>
            <param index="1">
              <value>
                <![CDATA["Optional[Calcaulator application]"]]>
              </value>
            </param>
          </params>
          <reporter-output>
          </reporter-output>
        </test-method> <!-- runScenario -->
        <test-method signature="runScenario(io.cucumber.testng.PickleWrapper,io.cucumber.testng.FeatureWrapper)[pri:0, instance:epam.com.CucumberBdd.feature.CalculatorImpl@41a0aa7d]" started-at="2022-03-02T23:27:17 IST" name="runScenario" description="Runs Cucumber Scenarios" data-provider="scenarios" finished-at="2022-03-02T23:27:17 IST" duration-ms="156" status="PASS">
          <params>
            <param index="0">
              <value>
                <![CDATA["Calculator number should come on display screen"]]>
              </value>
            </param>
            <param index="1">
              <value>
                <![CDATA["Optional[Calcaulator application]"]]>
              </value>
            </param>
          </params>
          <reporter-output>
          </reporter-output>
        </test-method> <!-- runScenario -->
        <test-method signature="runScenario(io.cucumber.testng.PickleWrapper,io.cucumber.testng.FeatureWrapper)[pri:0, instance:epam.com.CucumberBdd.feature.CalculatorImpl@41a0aa7d]" started-at="2022-03-02T23:27:17 IST" name="runScenario" description="Runs Cucumber Scenarios" data-provider="scenarios" finished-at="2022-03-02T23:27:18 IST" duration-ms="160" status="PASS">
          <params>
            <param index="0">
              <value>
                <![CDATA["Calculator number should come on display screen"]]>
              </value>
            </param>
            <param index="1">
              <value>
                <![CDATA["Optional[Calcaulator application]"]]>
              </value>
            </param>
          </params>
          <reporter-output>
          </reporter-output>
        </test-method> <!-- runScenario -->
        <test-method signature="runScenario(io.cucumber.testng.PickleWrapper,io.cucumber.testng.FeatureWrapper)[pri:0, instance:epam.com.CucumberBdd.feature.CalculatorImpl@41a0aa7d]" started-at="2022-03-02T23:27:18 IST" name="runScenario" description="Runs Cucumber Scenarios" data-provider="scenarios" finished-at="2022-03-02T23:27:18 IST" duration-ms="158" status="PASS">
          <params>
            <param index="0">
              <value>
                <![CDATA["Calculator number should come on display screen"]]>
              </value>
            </param>
            <param index="1">
              <value>
                <![CDATA["Optional[Calcaulator application]"]]>
              </value>
            </param>
          </params>
          <reporter-output>
          </reporter-output>
        </test-method> <!-- runScenario -->
        <test-method signature="runScenario(io.cucumber.testng.PickleWrapper,io.cucumber.testng.FeatureWrapper)[pri:0, instance:epam.com.CucumberBdd.feature.CalculatorImpl@41a0aa7d]" started-at="2022-03-02T23:27:18 IST" name="runScenario" description="Runs Cucumber Scenarios" data-provider="scenarios" finished-at="2022-03-02T23:27:18 IST" duration-ms="159" status="PASS">
          <params>
            <param index="0">
              <value>
                <![CDATA["Calculator number should come on display screen"]]>
              </value>
            </param>
            <param index="1">
              <value>
                <![CDATA["Optional[Calcaulator application]"]]>
              </value>
            </param>
          </params>
          <reporter-output>
          </reporter-output>
        </test-method> <!-- runScenario -->
        <test-method signature="runScenario(io.cucumber.testng.PickleWrapper,io.cucumber.testng.FeatureWrapper)[pri:0, instance:epam.com.CucumberBdd.feature.CalculatorImpl@41a0aa7d]" started-at="2022-03-02T23:27:18 IST" name="runScenario" description="Runs Cucumber Scenarios" data-provider="scenarios" finished-at="2022-03-02T23:27:18 IST" duration-ms="164" status="PASS">
          <params>
            <param index="0">
              <value>
                <![CDATA["Calculator number should come on display screen"]]>
              </value>
            </param>
            <param index="1">
              <value>
                <![CDATA["Optional[Calcaulator application]"]]>
              </value>
            </param>
          </params>
          <reporter-output>
          </reporter-output>
        </test-method> <!-- runScenario -->
        <test-method signature="runScenario(io.cucumber.testng.PickleWrapper,io.cucumber.testng.FeatureWrapper)[pri:0, instance:epam.com.CucumberBdd.feature.CalculatorImpl@41a0aa7d]" started-at="2022-03-02T23:27:18 IST" name="runScenario" description="Runs Cucumber Scenarios" data-provider="scenarios" finished-at="2022-03-02T23:27:18 IST" duration-ms="161" status="PASS">
          <params>
            <param index="0">
              <value>
                <![CDATA["Calculator number should come on display screen"]]>
              </value>
            </param>
            <param index="1">
              <value>
                <![CDATA["Optional[Calcaulator application]"]]>
              </value>
            </param>
          </params>
          <reporter-output>
          </reporter-output>
        </test-method> <!-- runScenario -->
        <test-method signature="runScenario(io.cucumber.testng.PickleWrapper,io.cucumber.testng.FeatureWrapper)[pri:0, instance:epam.com.CucumberBdd.feature.CalculatorImpl@41a0aa7d]" started-at="2022-03-02T23:27:18 IST" name="runScenario" description="Runs Cucumber Scenarios" data-provider="scenarios" finished-at="2022-03-02T23:27:18 IST" duration-ms="180" status="PASS">
          <params>
            <param index="0">
              <value>
                <![CDATA["Calculator number should come on display screen"]]>
              </value>
            </param>
            <param index="1">
              <value>
                <![CDATA["Optional[Calcaulator application]"]]>
              </value>
            </param>
          </params>
          <reporter-output>
          </reporter-output>
        </test-method> <!-- runScenario -->
        <test-method signature="runScenario(io.cucumber.testng.PickleWrapper,io.cucumber.testng.FeatureWrapper)[pri:0, instance:epam.com.CucumberBdd.feature.CalculatorImpl@41a0aa7d]" started-at="2022-03-02T23:27:18 IST" name="runScenario" description="Runs Cucumber Scenarios" data-provider="scenarios" finished-at="2022-03-02T23:27:19 IST" duration-ms="174" status="PASS">
          <params>
            <param index="0">
              <value>
                <![CDATA["Calculator number should come on display screen"]]>
              </value>
            </param>
            <param index="1">
              <value>
                <![CDATA["Optional[Calcaulator application]"]]>
              </value>
            </param>
          </params>
          <reporter-output>
          </reporter-output>
        </test-method> <!-- runScenario -->
        <test-method signature="runScenario(io.cucumber.testng.PickleWrapper,io.cucumber.testng.FeatureWrapper)[pri:0, instance:epam.com.CucumberBdd.feature.CalculatorImpl@41a0aa7d]" started-at="2022-03-02T23:27:19 IST" name="runScenario" description="Runs Cucumber Scenarios" data-provider="scenarios" finished-at="2022-03-02T23:27:19 IST" duration-ms="172" status="PASS">
          <params>
            <param index="0">
              <value>
                <![CDATA["Calculator number should come on display screen"]]>
              </value>
            </param>
            <param index="1">
              <value>
                <![CDATA["Optional[Calcaulator application]"]]>
              </value>
            </param>
          </params>
          <reporter-output>
          </reporter-output>
        </test-method> <!-- runScenario -->
        <test-method signature="runScenario(io.cucumber.testng.PickleWrapper,io.cucumber.testng.FeatureWrapper)[pri:0, instance:epam.com.CucumberBdd.feature.CalculatorImpl@41a0aa7d]" started-at="2022-03-02T23:27:19 IST" name="runScenario" description="Runs Cucumber Scenarios" data-provider="scenarios" finished-at="2022-03-02T23:27:19 IST" duration-ms="466" status="PASS">
          <params>
            <param index="0">
              <value>
                <![CDATA["Calculator Add functionality"]]>
              </value>
            </param>
            <param index="1">
              <value>
                <![CDATA["Optional[Calcaulator application]"]]>
              </value>
            </param>
          </params>
          <reporter-output>
          </reporter-output>
        </test-method> <!-- runScenario -->
        <test-method signature="runScenario(io.cucumber.testng.PickleWrapper,io.cucumber.testng.FeatureWrapper)[pri:0, instance:epam.com.CucumberBdd.feature.CalculatorImpl@41a0aa7d]" started-at="2022-03-02T23:27:19 IST" name="runScenario" description="Runs Cucumber Scenarios" data-provider="scenarios" finished-at="2022-03-02T23:27:19 IST" duration-ms="31" status="PASS">
          <params>
            <param index="0">
              <value>
                <![CDATA[""]]>
              </value>
            </param>
            <param index="1">
              <value>
                <![CDATA["Optional[Calcaulator application]"]]>
              </value>
            </param>
          </params>
          <reporter-output>
          </reporter-output>
        </test-method> <!-- runScenario -->
        <test-method is-config="true" signature="tearDownClass()[pri:0, instance:epam.com.CucumberBdd.feature.CalculatorImpl@41a0aa7d]" started-at="2022-03-02T23:27:19 IST" name="tearDownClass" finished-at="2022-03-02T23:27:20 IST" duration-ms="763" status="PASS">
          <reporter-output>
          </reporter-output>
        </test-method> <!-- tearDownClass -->
      </class> <!-- epam.com.CucumberBdd.feature.CalculatorImpl -->
    </test> <!-- Default test -->
  </suite> <!-- Default suite -->
</testng-results>
