<?xml version="1.0" encoding="UTF-8"?>
<!-- Generated by org.testng.reporters.JUnitXMLReporter -->
<testsuite ignored="1" hostname="EPINPUNW039D" failures="0" tests="4" name="test1" time="0.053" errors="0" timestamp="2022-02-09T11:55:42 IST">
  <testcase classname="epam.com.Testing.AppTest" name="shouldAnswerWithTrue" time="0.006"/>
  <testcase classname="epam.com.Testing.AppTest" name="testApp1" time="0.001"/>
  <testcase classname="epam.com.Testing.AppTest" name="testApp2" time="0.001"/>
  <testcase classname="epam.com.Testing.TestIgnore" name="testApp1" time="0.001"/>
  <testcase classname="epam.com.Testing.TestIgnore" name="testApp2" time="0.0">
    <ignored/>
  </testcase> <!-- testApp2 -->
</testsuite> <!-- test1 -->
