<?xml version="1.0" encoding="UTF-8"?>
<testng-results ignored="0" total="10" passed="10" failed="0" skipped="0">
  <reporter-output>
  </reporter-output>
  <suite started-at="2022-02-12T23:10:09 IST" name="Default suite" finished-at="2022-02-12T23:10:10 IST" duration-ms="159">
    <groups>
    </groups>
    <test started-at="2022-02-12T23:10:09 IST" name="Default test" finished-at="2022-02-12T23:10:10 IST" duration-ms="159">
      <class name="TestAutomation.testng.exception.TestLibrary">
        <test-method is-config="true" signature="testaddMember()[pri:0, instance:TestAutomation.testng.exception.TestLibrary@d29f28]" started-at="2022-02-12T23:10:09 IST" name="testaddMember" finished-at="2022-02-12T23:10:09 IST" duration-ms="15" status="PASS">
          <reporter-output>
          </reporter-output>
        </test-method> <!-- testaddMember -->
        <test-method is-config="true" signature="testaddMember1()[pri:0, instance:TestAutomation.testng.exception.TestLibrary@d29f28]" started-at="2022-02-12T23:10:09 IST" name="testaddMember1" finished-at="2022-02-12T23:10:09 IST" duration-ms="0" status="PASS">
          <reporter-output>
          </reporter-output>
        </test-method> <!-- testaddMember1 -->
        <test-method signature="displayingNumbers(int,int)[pri:0, instance:TestAutomation.testng.exception.TestLibrary@d29f28]" started-at="2022-02-12T23:10:09 IST" name="displayingNumbers" data-provider="issueToMember" finished-at="2022-02-12T23:10:10 IST" duration-ms="10" status="PASS">
          <params>
            <param index="0">
              <value>
                <![CDATA[1]]>
              </value>
            </param>
            <param index="1">
              <value>
                <![CDATA[2]]>
              </value>
            </param>
          </params>
          <reporter-output>
          </reporter-output>
        </test-method> <!-- displayingNumbers -->
        <test-method is-config="true" signature="testaddMember1()[pri:0, instance:TestAutomation.testng.exception.TestLibrary@d29f28]" started-at="2022-02-12T23:10:10 IST" name="testaddMember1" finished-at="2022-02-12T23:10:10 IST" duration-ms="1" status="PASS">
          <reporter-output>
          </reporter-output>
        </test-method> <!-- testaddMember1 -->
        <test-method signature="displayingNumbers(int,int)[pri:0, instance:TestAutomation.testng.exception.TestLibrary@d29f28]" started-at="2022-02-12T23:10:10 IST" name="displayingNumbers" data-provider="issueToMember" finished-at="2022-02-12T23:10:10 IST" duration-ms="1" status="PASS">
          <params>
            <param index="0">
              <value>
                <![CDATA[2]]>
              </value>
            </param>
            <param index="1">
              <value>
                <![CDATA[1]]>
              </value>
            </param>
          </params>
          <reporter-output>
          </reporter-output>
        </test-method> <!-- displayingNumbers -->
        <test-method is-config="true" signature="testaddMember1()[pri:0, instance:TestAutomation.testng.exception.TestLibrary@d29f28]" started-at="2022-02-12T23:10:10 IST" name="testaddMember1" finished-at="2022-02-12T23:10:10 IST" duration-ms="0" status="PASS">
          <reporter-output>
          </reporter-output>
        </test-method> <!-- testaddMember1 -->
        <test-method signature="displayingNumbers(int,int)[pri:0, instance:TestAutomation.testng.exception.TestLibrary@d29f28]" started-at="2022-02-12T23:10:10 IST" name="displayingNumbers" data-provider="issueToMember" finished-at="2022-02-12T23:10:10 IST" duration-ms="2" status="PASS">
          <params>
            <param index="0">
              <value>
                <![CDATA[2]]>
              </value>
            </param>
            <param index="1">
              <value>
                <![CDATA[2]]>
              </value>
            </param>
          </params>
          <reporter-output>
          </reporter-output>
        </test-method> <!-- displayingNumbers -->
        <test-method is-config="true" signature="testaddMember1()[pri:0, instance:TestAutomation.testng.exception.TestLibrary@d29f28]" started-at="2022-02-12T23:10:10 IST" name="testaddMember1" finished-at="2022-02-12T23:10:10 IST" duration-ms="0" status="PASS">
          <reporter-output>
          </reporter-output>
        </test-method> <!-- testaddMember1 -->
        <test-method signature="displayingNumbers(int,int)[pri:0, instance:TestAutomation.testng.exception.TestLibrary@d29f28]" started-at="2022-02-12T23:10:10 IST" name="displayingNumbers" data-provider="issueToMember" finished-at="2022-02-12T23:10:10 IST" duration-ms="1" status="PASS">
          <params>
            <param index="0">
              <value>
                <![CDATA[3]]>
              </value>
            </param>
            <param index="1">
              <value>
                <![CDATA[3]]>
              </value>
            </param>
          </params>
          <reporter-output>
          </reporter-output>
        </test-method> <!-- displayingNumbers -->
        <test-method is-config="true" signature="testaddMember1()[pri:0, instance:TestAutomation.testng.exception.TestLibrary@d29f28]" started-at="2022-02-12T23:10:10 IST" name="testaddMember1" finished-at="2022-02-12T23:10:10 IST" duration-ms="0" status="PASS">
          <reporter-output>
          </reporter-output>
        </test-method> <!-- testaddMember1 -->
        <test-method signature="displayingNumbers(int,int)[pri:0, instance:TestAutomation.testng.exception.TestLibrary@d29f28]" started-at="2022-02-12T23:10:10 IST" name="displayingNumbers" data-provider="issueToMember" finished-at="2022-02-12T23:10:10 IST" duration-ms="2" status="PASS">
          <params>
            <param index="0">
              <value>
                <![CDATA[1]]>
              </value>
            </param>
            <param index="1">
              <value>
                <![CDATA[1]]>
              </value>
            </param>
          </params>
          <reporter-output>
          </reporter-output>
        </test-method> <!-- displayingNumbers -->
        <test-method is-config="true" signature="testaddMember1()[pri:0, instance:TestAutomation.testng.exception.TestLibrary@d29f28]" started-at="2022-02-12T23:10:10 IST" name="testaddMember1" finished-at="2022-02-12T23:10:10 IST" duration-ms="0" status="PASS">
          <reporter-output>
          </reporter-output>
        </test-method> <!-- testaddMember1 -->
        <test-method signature="testAddMembers(int,java.lang.String,java.lang.String,java.lang.String,int,java.lang.Boolean)[pri:0, instance:TestAutomation.testng.exception.TestLibrary@d29f28]" started-at="2022-02-12T23:10:10 IST" name="testAddMembers" data-provider="csvdataprovider" finished-at="2022-02-12T23:10:10 IST" duration-ms="1" status="PASS">
          <params>
            <param index="0">
              <value>
                <![CDATA[1]]>
              </value>
            </param>
            <param index="1">
              <value>
                <![CDATA[Swati]]>
              </value>
            </param>
            <param index="2">
              <value>
                <![CDATA[deshwal]]>
              </value>
            </param>
            <param index="3">
              <value>
                <![CDATA[delhi]]>
              </value>
            </param>
            <param index="4">
              <value>
                <![CDATA[23]]>
              </value>
            </param>
            <param index="5">
              <value>
                <![CDATA[true]]>
              </value>
            </param>
          </params>
          <reporter-output>
          </reporter-output>
        </test-method> <!-- testAddMembers -->
        <test-method is-config="true" signature="testaddMember1()[pri:0, instance:TestAutomation.testng.exception.TestLibrary@d29f28]" started-at="2022-02-12T23:10:10 IST" name="testaddMember1" finished-at="2022-02-12T23:10:10 IST" duration-ms="1" status="PASS">
          <reporter-output>
          </reporter-output>
        </test-method> <!-- testaddMember1 -->
        <test-method signature="testAddMembers(int,java.lang.String,java.lang.String,java.lang.String,int,java.lang.Boolean)[pri:0, instance:TestAutomation.testng.exception.TestLibrary@d29f28]" started-at="2022-02-12T23:10:10 IST" name="testAddMembers" data-provider="csvdataprovider" finished-at="2022-02-12T23:10:10 IST" duration-ms="2" status="PASS">
          <params>
            <param index="0">
              <value>
                <![CDATA[2]]>
              </value>
            </param>
            <param index="1">
              <value>
                <![CDATA[Anjali]]>
              </value>
            </param>
            <param index="2">
              <value>
                <![CDATA[Sharma]]>
              </value>
            </param>
            <param index="3">
              <value>
                <![CDATA[Pune]]>
              </value>
            </param>
            <param index="4">
              <value>
                <![CDATA[20]]>
              </value>
            </param>
            <param index="5">
              <value>
                <![CDATA[false]]>
              </value>
            </param>
          </params>
          <reporter-output>
          </reporter-output>
        </test-method> <!-- testAddMembers -->
        <test-method is-config="true" signature="testaddMember1()[pri:0, instance:TestAutomation.testng.exception.TestLibrary@d29f28]" started-at="2022-02-12T23:10:10 IST" name="testaddMember1" finished-at="2022-02-12T23:10:10 IST" duration-ms="0" status="PASS">
          <reporter-output>
          </reporter-output>
        </test-method> <!-- testaddMember1 -->
        <test-method signature="testAddMembers(int,java.lang.String,java.lang.String,java.lang.String,int,java.lang.Boolean)[pri:0, instance:TestAutomation.testng.exception.TestLibrary@d29f28]" started-at="2022-02-12T23:10:10 IST" name="testAddMembers" data-provider="csvdataprovider" finished-at="2022-02-12T23:10:10 IST" duration-ms="3" status="PASS">
          <params>
            <param index="0">
              <value>
                <![CDATA[3]]>
              </value>
            </param>
            <param index="1">
              <value>
                <![CDATA[Aman]]>
              </value>
            </param>
            <param index="2">
              <value>
                <![CDATA[joshi]]>
              </value>
            </param>
            <param index="3">
              <value>
                <![CDATA[goa]]>
              </value>
            </param>
            <param index="4">
              <value>
                <![CDATA[25]]>
              </value>
            </param>
            <param index="5">
              <value>
                <![CDATA[true]]>
              </value>
            </param>
          </params>
          <reporter-output>
          </reporter-output>
        </test-method> <!-- testAddMembers -->
        <test-method is-config="true" signature="testaddMember1()[pri:0, instance:TestAutomation.testng.exception.TestLibrary@d29f28]" started-at="2022-02-12T23:10:10 IST" name="testaddMember1" finished-at="2022-02-12T23:10:10 IST" duration-ms="1" status="PASS">
          <reporter-output>
          </reporter-output>
        </test-method> <!-- testaddMember1 -->
        <test-method signature="testaddMember()[pri:0, instance:TestAutomation.testng.exception.TestLibrary@d29f28]" started-at="2022-02-12T23:10:10 IST" name="testaddMember" finished-at="2022-02-12T23:10:10 IST" duration-ms="2" status="PASS">
          <reporter-output>
          </reporter-output>
        </test-method> <!-- testaddMember -->
        <test-method is-config="true" signature="testaddMember1()[pri:0, instance:TestAutomation.testng.exception.TestLibrary@d29f28]" started-at="2022-02-12T23:10:10 IST" name="testaddMember1" finished-at="2022-02-12T23:10:10 IST" duration-ms="1" status="PASS">
          <reporter-output>
          </reporter-output>
        </test-method> <!-- testaddMember1 -->
        <test-method signature="testaddMember1()[pri:0, instance:TestAutomation.testng.exception.TestLibrary@d29f28]" started-at="2022-02-12T23:10:10 IST" name="testaddMember1" finished-at="2022-02-12T23:10:10 IST" duration-ms="0" status="PASS">
          <reporter-output>
          </reporter-output>
        </test-method> <!-- testaddMember1 -->
      </class> <!-- TestAutomation.testng.exception.TestLibrary -->
    </test> <!-- Default test -->
  </suite> <!-- Default suite -->
</testng-results>
